<?xml version="1.0" encoding="UTF-8"?>
<testsuite name="org.example.GameOfLifeTest" tests="6" skipped="0" failures="0" errors="0" timestamp="2022-08-23T14:27:16" hostname="SUGARU" time="0.168">
  <properties/>
  <testcase name="gliderFigure()" classname="org.example.GameOfLifeTest" time="0.069"/>
  <testcase name="gliderFigureEasy()" classname="org.example.GameOfLifeTest" time="0.014"/>
  <testcase name="oscillatorFigure()" classname="org.example.GameOfLifeTest" time="0.028"/>
  <testcase name="stableFigure2()" classname="org.example.GameOfLifeTest" time="0.012"/>
  <testcase name="oscillatorFigure2()" classname="org.example.GameOfLifeTest" time="0.025"/>
  <testcase name="stableFigure()" classname="org.example.GameOfLifeTest" time="0.014"/>
  <system-out><![CDATA[]]></system-out>
  <system-err><![CDATA[]]></system-err>
</testsuite>
